<?xml version="1.0" encoding="UTF-8"?>
<Site BuildName="Win32-mingw32-make"
	BuildStamp="20231128-0701-Experimental"
	Name="yammo"
	Generator="ctest-3.26.0-msvc3"
	CompilerName="C:/msys64/ucrt64/bin/g++.exe"
	CompilerVersion="13.1.0"
	OSName="Windows"
	Hostname="yammo"
	OSRelease=" Professional"
	OSVersion=" (Build 22621)"
	OSPlatform="AMD64"
	Is64Bits="1"
	VendorString="GenuineIntel"
	VendorID="Intel Corporation"
	FamilyID="6"
	ModelID="14"
	ProcessorCacheSize="-1"
	NumberOfLogicalCPU="6"
	NumberOfPhysicalCPU="6"
	TotalVirtualMemory="23463"
	TotalPhysicalMemory="16295"
	LogicalProcessorsPerPhysical="1"
	ProcessorClockFrequency="3696"
	>
	<Testing>
		<StartDateTime>Nov 28 20:02 ora solare Europa occidentale</StartDateTime>
		<StartTestTime>1701198178</StartTestTime>
		<TestList/>
		<EndDateTime>Nov 28 20:02 ora solare Europa occidentale</EndDateTime>
		<EndTestTime>1701198178</EndTestTime>
		<ElapsedMinutes>0</ElapsedMinutes>
	</Testing>
</Site>
